<?xml version="1.0" encoding="UTF-8"?>
<testsuites name="jest tests" tests="6" failures="1" errors="0" time="77.929">
  <testsuite name="Headless generation" errors="0" failures="1" skipped="5" timestamp="2024-02-28T11:42:35" time="77.843" tests="6">
    <testcase classname="Headless generation LROP v2" name="Headless generation LROP v2" time="0">
      <skipped/>
    </testcase>
    <testcase classname="Headless generation LROP v2 - source url not provided" name="Headless generation LROP v2 - source url not provided" time="0">
      <skipped/>
    </testcase>
    <testcase classname="Headless generation ALP v2" name="Headless generation ALP v2" time="0">
      <skipped/>
    </testcase>
    <testcase classname="Headless generation LROP v4" name="Headless generation LROP v4" time="67.431">
      <failure>Error: Error: The specified UI5 version is invalid: Latest
    at default_1._exitOnError (/Users/i057546/git/tools-suite/packages/app-generator/common/src/base/generator.ts:218:15)
    at default_1.writing (/Users/i057546/git/tools-suite/packages/app-generator/fiori-elements/src/app/index.ts:390:19)
    at processTicksAndRejections (node:internal/process/task_queues:95:5)</failure>
    </testcase>
    <testcase classname="Headless generation LROP v4 CAP" name="Headless generation LROP v4 CAP" time="0">
      <skipped/>
    </testcase>
    <testcase classname="Headless generation Check install() is executed" name="Headless generation Check install() is executed" time="0">
      <skipped/>
    </testcase>
  </testsuite>
</testsuites>